PRT1
164
454
4 0 2 (2784 4096 3120 ) (2048 4096 3120 ) (2048 4096 -1696 ) (2784 4096 -1696 ) 
4 0 1 (2048 4096 -1696 ) (2048 4096 3120 ) (2048 4464 3120 ) (2048 4464 -1696 ) 
4 1 4 (1024 4096 -1696 ) (1024 4096 3120 ) (1024 4464 3120 ) (1024 4464 -1696 ) 
4 1 3 (2048 4096 -1696 ) (2048 4096 3120 ) (1024 4096 3120 ) (1024 4096 -1696 ) 
4 2 17 (2784 3072 3120 ) (2048 3072 3120 ) (2048 3072 -1696 ) (2784 3072 -1696 ) 
4 2 3 (2048 4096 3120 ) (2048 4096 -1696 ) (2048 3072 -1696 ) (2048 3072 3120 ) 
4 3 18 (2048 3072 -1696 ) (2048 3072 3120 ) (1024 3072 3120 ) (1024 3072 -1696 ) 
4 3 8 (1024 3072 -1696 ) (1024 3072 -864 ) (1024 4096 -864 ) (1024 4096 -1696 ) 
4 3 7 (1024 3072 800 ) (1024 3072 3120 ) (1024 3840 3120 ) (1024 3840 800 ) 
4 3 6 (1024 3840 3120 ) (1024 4096 3120 ) (1024 4096 -864 ) (1024 3840 -864 ) 
4 4 8 (1024 4096 -1696 ) (1024 4096 -864 ) (0 4096 -864 ) (0 4096 -1696 ) 
4 4 6 (1024 4096 -864 ) (1024 4096 3120 ) (0 4096 3120 ) (0 4096 -864 ) 
4 4 5 (0 4464 -1696 ) (0 4096 -1696 ) (0 4096 3120 ) (0 4464 3120 ) 
4 5 13 (-1024 4096 -1696 ) (-1024 4096 3120 ) (-1024 4464 3120 ) (-1024 4464 -1696 ) 
4 5 12 (-1024 4096 -864 ) (-1024 4096 -1696 ) (0 4096 -1696 ) (0 4096 -864 ) 
4 5 9 (-512 4096 -864 ) (0 4096 -864 ) (0 4096 3120 ) (-512 4096 3120 ) 
4 5 11 (-1024 4096 3120 ) (-1024 4096 -864 ) (-512 4096 -864 ) (-512 4096 3120 ) 
4 6 9 (0 4096 3120 ) (0 4096 -864 ) (0 3840 -864 ) (0 3840 3120 ) 
4 6 8 (0 4096 -864 ) (1024 4096 -864 ) (1024 3840 -864 ) (0 3840 -864 ) 
4 6 7 (1024 3840 800 ) (1024 3840 3120 ) (0 3840 3120 ) (0 3840 800 ) 
4 7 25 (1024 3072 800 ) (1024 3072 3120 ) (0 3072 3120 ) (0 3072 800 ) 
4 7 10 (0 3072 800 ) (0 3072 3120 ) (0 3840 3120 ) (0 3840 800 ) 
4 8 29 (1024 3072 -1696 ) (1024 3072 -864 ) (0 3072 -864 ) (0 3072 -1696 ) 
4 8 12 (0 4096 -864 ) (0 4096 -1696 ) (0 3072 -1696 ) (0 3072 -864 ) 
4 9 12 (-512 4096 -864 ) (0 4096 -864 ) (0 3840 -864 ) (-512 3840 -864 ) 
4 9 10 (-512 3840 3120 ) (-512 3840 800 ) (0 3840 800 ) (0 3840 3120 ) 
4 9 11 (-512 4096 -864 ) (-512 3840 -864 ) (-512 3840 3120 ) (-512 4096 3120 ) 
4 10 30 (0 3072 800 ) (0 3072 3120 ) (-512 3072 3120 ) (-512 3072 800 ) 
4 10 11 (-512 3072 800 ) (-512 3072 3120 ) (-512 3840 3120 ) (-512 3840 800 ) 
4 11 32 (-512 3072 3120 ) (-1024 3072 3120 ) (-1024 3072 -864 ) (-512 3072 -864 ) 
4 11 14 (-1024 3072 -864 ) (-1024 3072 3120 ) (-1024 4096 3120 ) (-1024 4096 -864 ) 
4 11 12 (-1024 3072 -864 ) (-1024 4096 -864 ) (-512 4096 -864 ) (-512 3072 -864 ) 
4 12 33 (0 3072 -1696 ) (0 3072 -864 ) (-1024 3072 -864 ) (-1024 3072 -1696 ) 
4 12 14 (-1024 3072 -1696 ) (-1024 3072 -864 ) (-1024 4096 -864 ) (-1024 4096 -1696 ) 
4 13 15 (-2048 4096 -1696 ) (-2048 4096 3120 ) (-2048 4464 3120 ) (-2048 4464 -1696 ) 
4 13 14 (-1024 4096 -1696 ) (-1024 4096 3120 ) (-2048 4096 3120 ) (-2048 4096 -1696 ) 
4 14 119 (-1024 3072 -1696 ) (-1024 3072 3120 ) (-2048 3072 3120 ) (-2048 3072 -1696 ) 
4 14 16 (-2048 3072 -1696 ) (-2048 3072 3120 ) (-2048 4096 3120 ) (-2048 4096 -1696 ) 
4 15 16 (-2048 4096 -1696 ) (-2048 4096 3120 ) (-2192 4096 3120 ) (-2192 4096 -1696 ) 
4 16 121 (-2048 3072 -1696 ) (-2048 3072 3120 ) (-2192 3072 3120 ) (-2192 3072 -1696 ) 
4 17 19 (2784 2048 3120 ) (2048 2048 3120 ) (2048 2048 -1696 ) (2784 2048 -1696 ) 
4 17 18 (2048 3072 3120 ) (2048 3072 -1696 ) (2048 2048 -1696 ) (2048 2048 3120 ) 
4 18 29 (1024 3072 -864 ) (1024 3072 -1696 ) (1024 2048 -1696 ) (1024 2048 -864 ) 
4 18 27 (1024 2560 -864 ) (1024 2048 -864 ) (1024 2048 0 ) (1024 2560 0 ) 
4 18 26 (1024 2048 0 ) (1024 2048 3120 ) (1024 2560 3120 ) (1024 2560 0 ) 
4 18 25 (1024 3072 3120 ) (1024 3072 800 ) (1024 2560 800 ) (1024 2560 3120 ) 
4 18 20 (2048 2048 -1696 ) (2048 2048 3120 ) (1024 2048 3120 ) (1024 2048 -1696 ) 
4 19 21 (2784 1024 3120 ) (2048 1024 3120 ) (2048 1024 -1696 ) (2784 1024 -1696 ) 
4 19 20 (2048 2048 3120 ) (2048 2048 -1696 ) (2048 1024 -1696 ) (2048 1024 3120 ) 
4 20 91 (1024 1024 -1696 ) (1024 1024 -864 ) (1024 1216 -864 ) (1024 1216 -1696 ) 
4 20 90 (1024 1024 0 ) (1024 1024 3120 ) (1024 1216 3120 ) (1024 1216 0 ) 
4 20 89 (1024 1232 -864 ) (1024 1232 -1696 ) (1024 1216 -1696 ) (1024 1216 -864 ) 
4 20 88 (1024 1232 320 ) (1024 1232 0 ) (1024 1216 0 ) (1024 1216 320 ) 
4 20 52 (1024 1232 368 ) (1024 1232 320 ) (1024 1216 320 ) (1024 1216 368 ) 
4 20 46 (1024 1232 416 ) (1024 1232 368 ) (1024 1216 368 ) (1024 1216 416 ) 
4 20 42 (1024 1232 432 ) (1024 1232 416 ) (1024 1216 416 ) (1024 1216 432 ) 
4 20 41 (1024 1216 3120 ) (1024 1232 3120 ) (1024 1232 432 ) (1024 1216 432 ) 
4 20 40 (1024 1280 -1696 ) (1024 1232 -1696 ) (1024 1232 -864 ) (1024 1280 -864 ) 
4 20 39 (1024 2048 -32 ) (1024 2048 -1696 ) (1024 1280 -1696 ) (1024 1280 -32 ) 
4 20 38 (1024 2048 0 ) (1024 2048 -32 ) (1024 1280 -32 ) (1024 1280 0 ) 
4 20 37 (1024 2048 272 ) (1024 2048 0 ) (1024 1232 0 ) (1024 1232 272 ) 
4 20 36 (1024 1248 480 ) (1024 1248 272 ) (1024 1232 272 ) (1024 1232 480 ) 
4 20 35 (1024 1232 3120 ) (1024 1248 3120 ) (1024 1248 480 ) (1024 1232 480 ) 
4 20 34 (1024 1248 3120 ) (1024 2048 3120 ) (1024 2048 272 ) (1024 1248 272 ) 
4 20 22 (2048 1024 -1696 ) (2048 1024 3120 ) (1024 1024 3120 ) (1024 1024 -1696 ) 
4 21 23 (2784 0 3120 ) (2048 0 3120 ) (2048 0 -1696 ) (2784 0 -1696 ) 
4 21 22 (2048 1024 3120 ) (2048 1024 -1696 ) (2048 0 -1696 ) (2048 0 3120 ) 
4 22 154 (1024 0 -1696 ) (1024 0 -864 ) (1024 1024 -864 ) (1024 1024 -1696 ) 
4 22 123 (1024 0 0 ) (1024 0 3120 ) (1024 1024 3120 ) (1024 1024 0 ) 
4 22 24 (2048 0 -1696 ) (2048 0 3120 ) (1024 0 3120 ) (1024 0 -1696 ) 
4 23 24 (2048 -384 3120 ) (2048 0 3120 ) (2048 0 -1696 ) (2048 -384 -1696 ) 
4 24 158 (1024 -384 3120 ) (1024 0 3120 ) (1024 0 -1696 ) (1024 -384 -1696 ) 
4 25 30 (0 3072 3120 ) (0 3072 800 ) (0 2560 800 ) (0 2560 3120 ) 
4 25 26 (0 2560 3120 ) (0 2560 800 ) (1024 2560 800 ) (1024 2560 3120 ) 
4 26 37 (1024 2048 0 ) (1024 2048 272 ) (0 2048 272 ) (0 2048 0 ) 
4 26 34 (1024 2048 272 ) (1024 2048 3120 ) (0 2048 3120 ) (0 2048 272 ) 
4 26 31 (0 2048 0 ) (0 2048 3120 ) (0 2560 3120 ) (0 2560 0 ) 
4 26 27 (1024 2048 0 ) (512 2048 0 ) (512 2560 0 ) (1024 2560 0 ) 
4 27 39 (1024 2048 -864 ) (1024 2048 -32 ) (512 2048 -32 ) (512 2048 -864 ) 
4 27 38 (1024 2048 -32 ) (1024 2048 0 ) (512 2048 0 ) (512 2048 -32 ) 
4 27 29 (1024 2048 -864 ) (512 2048 -864 ) (512 2560 -864 ) (1024 2560 -864 ) 
4 27 28 (512 2560 -32 ) (512 2560 -864 ) (512 2048 -864 ) (512 2048 -32 ) 
4 28 39 (0 2048 -32 ) (0 2048 -864 ) (512 2048 -864 ) (512 2048 -32 ) 
4 28 31 (0 2560 -864 ) (0 2048 -864 ) (0 2048 -32 ) (0 2560 -32 ) 
4 28 29 (512 2048 -864 ) (0 2048 -864 ) (0 2560 -864 ) (512 2560 -864 ) 
4 29 39 (1024 2048 -1696 ) (1024 2048 -864 ) (0 2048 -864 ) (0 2048 -1696 ) 
4 29 33 (0 3072 -864 ) (0 3072 -1696 ) (0 2048 -1696 ) (0 2048 -864 ) 
4 30 31 (-512 2560 3120 ) (-512 2560 800 ) (0 2560 800 ) (0 2560 3120 ) 
4 30 32 (-512 2560 800 ) (-512 2560 3120 ) (-512 3072 3120 ) (-512 3072 800 ) 
4 31 95 (0 2048 -864 ) (0 2048 272 ) (-512 2048 272 ) (-512 2048 -864 ) 
4 31 92 (0 2048 272 ) (0 2048 3120 ) (-512 2048 3120 ) (-512 2048 272 ) 
4 31 33 (0 2560 -864 ) (0 2048 -864 ) (-512 2048 -864 ) (-512 2560 -864 ) 
4 31 32 (-512 2560 -864 ) (-512 2048 -864 ) (-512 2048 3120 ) (-512 2560 3120 ) 
4 32 119 (-1024 3072 3120 ) (-1024 3072 -864 ) (-1024 2048 -864 ) (-1024 2048 3120 ) 
4 32 97 (-1024 2048 272 ) (-1024 2048 -864 ) (-512 2048 -864 ) (-512 2048 272 ) 
4 32 92 (-512 2048 3120 ) (-1024 2048 3120 ) (-1024 2048 272 ) (-512 2048 272 ) 
4 32 33 (-1024 3072 -864 ) (-512 3072 -864 ) (-512 2048 -864 ) (-1024 2048 -864 ) 
4 33 119 (-1024 3072 -864 ) (-1024 3072 -1696 ) (-1024 2048 -1696 ) (-1024 2048 -864 ) 
4 33 98 (0 2048 -1696 ) (0 2048 -864 ) (-1024 2048 -864 ) (-1024 2048 -1696 ) 
4 34 92 (0 2048 3120 ) (0 2048 272 ) (0 1248 272 ) (0 1248 3120 ) 
4 34 37 (0 1248 272 ) (0 2048 272 ) (1024 2048 272 ) (1024 1248 272 ) 
4 34 36 (880 1248 272 ) (1024 1248 272 ) (1024 1248 480 ) (880 1248 480 ) 
4 34 35 (1024 1248 480 ) (1024 1248 3120 ) (0 1248 3120 ) (0 1248 480 ) 
4 35 93 (0 1232 480 ) (0 1232 3120 ) (0 1248 3120 ) (0 1248 480 ) 
4 35 41 (1024 1232 480 ) (1024 1232 3120 ) (0 1232 3120 ) (0 1232 480 ) 
4 35 36 (1024 1232 480 ) (880 1232 480 ) (880 1248 480 ) (1024 1248 480 ) 
4 36 88 (1024 1232 272 ) (1024 1232 320 ) (880 1232 320 ) (880 1232 272 ) 
4 36 52 (1024 1232 320 ) (1024 1232 368 ) (880 1232 368 ) (880 1232 320 ) 
4 36 46 (1024 1232 368 ) (1024 1232 416 ) (880 1232 416 ) (880 1232 368 ) 
4 36 42 (1024 1232 416 ) (1024 1232 432 ) (880 1232 432 ) (880 1232 416 ) 
4 36 41 (1024 1232 432 ) (1024 1232 480 ) (880 1232 480 ) (880 1232 432 ) 
4 36 37 (1024 1232 272 ) (880 1232 272 ) (880 1248 272 ) (1024 1248 272 ) 
4 37 96 (0 1280 0 ) (0 1232 0 ) (0 1232 272 ) (0 1280 272 ) 
4 37 95 (0 2048 272 ) (0 2048 0 ) (0 1280 0 ) (0 1280 272 ) 
4 37 88 (1024 1232 0 ) (1024 1232 272 ) (0 1232 272 ) (0 1232 0 ) 
4 37 38 (512 2048 0 ) (1024 2048 0 ) (1024 1280 0 ) (512 1280 0 ) 
4 38 39 (1024 1280 -32 ) (512 1280 -32 ) (512 2048 -32 ) (1024 2048 -32 ) 
4 39 98 (0 2048 -864 ) (0 2048 -1696 ) (0 1280 -1696 ) (0 1280 -864 ) 
4 39 95 (0 2048 -32 ) (0 2048 -864 ) (0 1280 -864 ) (0 1280 -32 ) 
4 39 40 (0 1280 -864 ) (0 1280 -1696 ) (1024 1280 -1696 ) (1024 1280 -864 ) 
4 40 98 (0 1232 -1696 ) (0 1232 -864 ) (0 1280 -864 ) (0 1280 -1696 ) 
4 40 89 (1024 1232 -1696 ) (1024 1232 -864 ) (0 1232 -864 ) (0 1232 -1696 ) 
4 41 99 (0 1216 432 ) (0 1216 3120 ) (0 1232 3120 ) (0 1232 432 ) 
4 41 90 (0 1216 3120 ) (0 1216 432 ) (1024 1216 432 ) (1024 1216 3120 ) 
4 41 86 (16 1216 432 ) (0 1216 432 ) (0 1232 432 ) (16 1232 432 ) 
4 41 85 (64 1216 432 ) (48 1216 432 ) (48 1232 432 ) (64 1232 432 ) 
4 41 70 (368 1216 432 ) (336 1216 432 ) (336 1232 432 ) (368 1232 432 ) 
4 41 71 (272 1216 432 ) (144 1216 432 ) (144 1232 432 ) (272 1232 432 ) 
4 41 63 (480 1216 432 ) (464 1216 432 ) (464 1232 432 ) (480 1232 432 ) 
4 41 45 (496 1216 432 ) (480 1216 432 ) (480 1232 432 ) (496 1232 432 ) 
4 41 43 (736 1216 432 ) (688 1216 432 ) (688 1232 432 ) (736 1232 432 ) 
4 41 44 (624 1216 432 ) (592 1216 432 ) (592 1232 432 ) (624 1232 432 ) 
4 41 42 (1024 1216 432 ) (816 1216 432 ) (816 1232 432 ) (1024 1232 432 ) 
4 42 90 (1024 1216 416 ) (1024 1216 432 ) (816 1216 432 ) (816 1216 416 ) 
4 42 46 (1024 1216 416 ) (832 1216 416 ) (832 1232 416 ) (1024 1232 416 ) 
4 43 90 (736 1216 432 ) (688 1216 432 ) (688 1216 416 ) (736 1216 416 ) 
4 43 48 (736 1216 416 ) (704 1216 416 ) (704 1232 416 ) (736 1232 416 ) 
4 44 90 (624 1216 432 ) (592 1216 432 ) (592 1216 416 ) (624 1216 416 ) 
4 44 59 (608 1216 416 ) (592 1216 416 ) (592 1232 416 ) (608 1232 416 ) 
4 45 90 (496 1216 432 ) (480 1216 432 ) (480 1216 416 ) (496 1216 416 ) 
4 45 63 (480 1216 416 ) (480 1216 432 ) (480 1232 432 ) (480 1232 416 ) 
4 45 62 (496 1216 416 ) (480 1216 416 ) (480 1232 416 ) (496 1232 416 ) 
4 46 90 (1024 1216 368 ) (1024 1216 416 ) (832 1216 416 ) (832 1216 368 ) 
4 46 52 (1024 1216 368 ) (832 1216 368 ) (832 1232 368 ) (1024 1232 368 ) 
4 47 90 (800 1216 416 ) (768 1216 416 ) (768 1216 368 ) (800 1216 368 ) 
4 48 90 (736 1216 416 ) (704 1216 416 ) (704 1216 368 ) (736 1216 368 ) 
4 48 54 (736 1216 368 ) (720 1216 368 ) (720 1232 368 ) (736 1232 368 ) 
4 48 49 (704 1216 384 ) (704 1216 400 ) (704 1232 400 ) (704 1232 384 ) 
4 49 90 (672 1216 400 ) (672 1216 384 ) (704 1216 384 ) (704 1216 400 ) 
4 49 50 (672 1232 384 ) (672 1216 384 ) (672 1216 400 ) (672 1232 400 ) 
4 50 90 (672 1216 416 ) (640 1216 416 ) (640 1216 384 ) (672 1216 384 ) 
4 51 90 (608 1216 384 ) (608 1216 368 ) (624 1216 368 ) (624 1216 384 ) 
4 51 59 (608 1216 368 ) (608 1216 384 ) (608 1232 384 ) (608 1232 368 ) 
4 51 56 (624 1216 368 ) (608 1216 368 ) (608 1232 368 ) (624 1232 368 ) 
4 52 90 (816 1216 320 ) (1024 1216 320 ) (1024 1216 368 ) (816 1216 368 ) 
4 52 88 (1024 1216 320 ) (816 1216 320 ) (816 1232 320 ) (1024 1232 320 ) 
4 52 53 (816 1232 320 ) (816 1216 320 ) (816 1216 352 ) (816 1232 352 ) 
4 53 90 (768 1216 320 ) (816 1216 320 ) (816 1216 352 ) (768 1216 352 ) 
4 53 88 (816 1216 320 ) (768 1216 320 ) (768 1232 320 ) (816 1232 320 ) 
4 54 90 (736 1216 368 ) (720 1216 368 ) (720 1216 336 ) (736 1216 336 ) 
4 54 57 (720 1232 336 ) (736 1232 336 ) (736 1216 336 ) (720 1216 336 ) 
4 55 90 (688 1216 368 ) (640 1216 368 ) (640 1216 336 ) (688 1216 336 ) 
4 55 56 (640 1216 352 ) (640 1216 368 ) (640 1232 368 ) (640 1232 352 ) 
4 56 90 (640 1216 368 ) (608 1216 368 ) (608 1216 352 ) (640 1216 352 ) 
4 56 59 (608 1216 352 ) (608 1216 368 ) (608 1232 368 ) (608 1232 352 ) 
4 57 90 (704 1216 320 ) (736 1216 320 ) (736 1216 336 ) (704 1216 336 ) 
4 57 88 (736 1216 320 ) (704 1216 320 ) (704 1232 320 ) (736 1232 320 ) 
4 58 90 (608 1216 320 ) (624 1216 320 ) (624 1216 336 ) (608 1216 336 ) 
4 58 88 (624 1216 320 ) (608 1216 320 ) (608 1232 320 ) (624 1232 320 ) 
4 58 59 (608 1232 320 ) (608 1216 320 ) (608 1216 336 ) (608 1232 336 ) 
4 59 90 (592 1216 320 ) (608 1216 320 ) (608 1216 416 ) (592 1216 416 ) 
4 59 88 (608 1216 320 ) (592 1216 320 ) (592 1232 320 ) (608 1232 320 ) 
4 59 60 (592 1216 336 ) (592 1216 416 ) (592 1232 416 ) (592 1232 336 ) 
4 60 90 (592 1216 336 ) (592 1216 416 ) (560 1216 416 ) (560 1216 336 ) 
4 61 90 (528 1216 336 ) (528 1216 416 ) (496 1216 416 ) (496 1216 336 ) 
4 61 62 (496 1216 336 ) (496 1216 416 ) (496 1232 416 ) (496 1232 336 ) 
4 62 90 (480 1216 320 ) (496 1216 320 ) (496 1216 416 ) (480 1216 416 ) 
4 62 88 (496 1216 320 ) (480 1216 320 ) (480 1232 320 ) (496 1232 320 ) 
4 62 67 (480 1216 336 ) (480 1216 352 ) (480 1232 352 ) (480 1232 336 ) 
4 62 66 (480 1216 352 ) (480 1216 368 ) (480 1232 368 ) (480 1232 352 ) 
4 63 90 (480 1216 416 ) (480 1216 432 ) (464 1216 432 ) (464 1216 416 ) 
4 64 90 (448 1216 416 ) (400 1216 416 ) (400 1216 384 ) (448 1216 384 ) 
4 64 65 (400 1216 384 ) (400 1232 384 ) (432 1232 384 ) (432 1216 384 ) 
4 65 90 (432 1216 384 ) (400 1216 384 ) (400 1216 368 ) (432 1216 368 ) 
4 66 90 (480 1216 352 ) (480 1216 368 ) (448 1216 368 ) (448 1216 352 ) 
4 66 67 (464 1232 352 ) (480 1232 352 ) (480 1216 352 ) (464 1216 352 ) 
4 67 90 (480 1216 336 ) (480 1216 352 ) (464 1216 352 ) (464 1216 336 ) 
4 68 90 (416 1216 352 ) (400 1216 352 ) (400 1216 336 ) (416 1216 336 ) 
4 68 69 (400 1216 336 ) (400 1232 336 ) (416 1232 336 ) (416 1216 336 ) 
4 69 90 (400 1216 320 ) (432 1216 320 ) (432 1216 336 ) (400 1216 336 ) 
4 69 88 (432 1216 320 ) (400 1216 320 ) (400 1232 320 ) (432 1232 320 ) 
4 70 90 (368 1216 432 ) (336 1216 432 ) (336 1216 416 ) (368 1216 416 ) 
4 70 72 (352 1232 416 ) (368 1232 416 ) (368 1216 416 ) (352 1216 416 ) 
4 71 90 (272 1216 432 ) (144 1216 432 ) (144 1216 416 ) (272 1216 416 ) 
4 71 75 (160 1232 416 ) (256 1232 416 ) (256 1216 416 ) (160 1216 416 ) 
4 72 90 (368 1216 416 ) (352 1216 416 ) (352 1216 352 ) (368 1216 352 ) 
4 72 80 (352 1232 352 ) (368 1232 352 ) (368 1216 352 ) (352 1216 352 ) 
4 72 73 (352 1232 352 ) (352 1216 352 ) (352 1216 400 ) (352 1232 400 ) 
4 73 90 (320 1216 400 ) (320 1216 352 ) (352 1216 352 ) (352 1216 400 ) 
4 73 76 (320 1232 352 ) (320 1216 352 ) (320 1216 400 ) (320 1232 400 ) 
4 74 90 (320 1216 416 ) (288 1216 416 ) (288 1216 400 ) (320 1216 400 ) 
4 74 76 (288 1232 400 ) (320 1232 400 ) (320 1216 400 ) (288 1216 400 ) 
4 75 90 (256 1216 416 ) (160 1216 416 ) (160 1216 400 ) (256 1216 400 ) 
4 75 77 (160 1216 400 ) (160 1232 400 ) (240 1232 400 ) (240 1216 400 ) 
4 76 90 (272 1216 352 ) (320 1216 352 ) (320 1216 400 ) (272 1216 400 ) 
4 76 81 (288 1232 352 ) (320 1232 352 ) (320 1216 352 ) (288 1216 352 ) 
4 77 90 (160 1216 400 ) (160 1216 352 ) (240 1216 352 ) (240 1216 400 ) 
4 77 82 (160 1232 352 ) (240 1232 352 ) (240 1216 352 ) (160 1216 352 ) 
4 77 79 (160 1232 352 ) (160 1216 352 ) (160 1216 368 ) (160 1232 368 ) 
4 78 90 (128 1216 416 ) (96 1216 416 ) (96 1216 368 ) (128 1216 368 ) 
4 79 90 (144 1216 352 ) (160 1216 352 ) (160 1216 368 ) (144 1216 368 ) 
4 79 82 (144 1232 352 ) (160 1232 352 ) (160 1216 352 ) (144 1216 352 ) 
4 80 90 (368 1216 352 ) (352 1216 352 ) (352 1216 336 ) (368 1216 336 ) 
4 80 83 (352 1232 336 ) (368 1232 336 ) (368 1216 336 ) (352 1216 336 ) 
4 81 90 (320 1216 352 ) (288 1216 352 ) (288 1216 336 ) (320 1216 336 ) 
4 82 90 (256 1216 352 ) (96 1216 352 ) (96 1216 336 ) (256 1216 336 ) 
4 82 84 (96 1216 336 ) (96 1232 336 ) (256 1232 336 ) (256 1216 336 ) 
4 83 90 (336 1216 320 ) (368 1216 320 ) (368 1216 336 ) (336 1216 336 ) 
4 83 88 (368 1216 320 ) (336 1216 320 ) (336 1232 320 ) (368 1232 320 ) 
4 84 90 (96 1216 320 ) (272 1216 320 ) (272 1216 336 ) (96 1216 336 ) 
4 84 88 (272 1216 320 ) (96 1216 320 ) (96 1232 320 ) (272 1232 320 ) 
4 85 90 (48 1216 320 ) (64 1216 320 ) (64 1216 432 ) (48 1216 432 ) 
4 85 88 (64 1216 320 ) (48 1216 320 ) (48 1232 320 ) (64 1232 320 ) 
4 86 100 (0 1216 416 ) (0 1216 432 ) (0 1232 432 ) (0 1232 416 ) 
4 86 90 (0 1216 432 ) (0 1216 416 ) (16 1216 416 ) (16 1216 432 ) 
4 87 111 (0 1216 320 ) (0 1216 336 ) (0 1232 336 ) (0 1232 320 ) 
4 87 101 (0 1216 336 ) (0 1216 352 ) (0 1232 352 ) (0 1232 336 ) 
4 87 90 (0 1216 368 ) (0 1216 320 ) (16 1216 320 ) (16 1216 368 ) 
4 87 88 (16 1216 320 ) (0 1216 320 ) (0 1232 320 ) (16 1232 320 ) 
4 88 116 (0 1216 0 ) (0 1216 320 ) (0 1232 320 ) (0 1232 0 ) 
4 88 90 (0 1216 320 ) (0 1216 0 ) (1024 1216 0 ) (1024 1216 320 ) 
4 89 117 (0 1216 -1696 ) (0 1216 -864 ) (0 1232 -864 ) (0 1232 -1696 ) 
4 89 91 (0 1216 -864 ) (0 1216 -1696 ) (1024 1216 -1696 ) (1024 1216 -864 ) 
4 90 151 (128 1024 0 ) (192 1024 0 ) (192 1024 256 ) (128 1024 256 ) 
4 90 153 (0 1024 256 ) (0 1024 0 ) (128 1024 0 ) (128 1024 256 ) 
4 90 150 (192 1024 3120 ) (0 1024 3120 ) (0 1024 256 ) (192 1024 256 ) 
4 90 133 (192 1024 16 ) (192 1024 0 ) (320 1024 0 ) (320 1024 16 ) 
4 90 132 (320 1024 3120 ) (192 1024 3120 ) (192 1024 16 ) (320 1024 16 ) 
4 90 129 (384 1024 3120 ) (320 1024 3120 ) (320 1024 0 ) (384 1024 0 ) 
4 90 124 (928 1024 3120 ) (448 1024 3120 ) (448 1024 0 ) (928 1024 0 ) 
4 90 123 (1024 1024 0 ) (1024 1024 3120 ) (928 1024 3120 ) (928 1024 0 ) 
4 90 128 (448 1024 3120 ) (384 1024 3120 ) (384 1024 0 ) (448 1024 0 ) 
4 90 116 (0 1024 0 ) (0 1024 320 ) (0 1216 320 ) (0 1216 0 ) 
4 90 115 (0 1024 320 ) (0 1024 336 ) (0 1216 336 ) (0 1216 320 ) 
4 90 110 (0 1024 336 ) (0 1024 3120 ) (0 1216 3120 ) (0 1216 336 ) 
4 91 154 (1024 1024 -1696 ) (1024 1024 -864 ) (0 1024 -864 ) (0 1024 -1696 ) 
4 91 117 (0 1024 -1696 ) (0 1024 -864 ) (0 1216 -864 ) (0 1216 -1696 ) 
4 92 120 (-1024 2048 3120 ) (-1024 2048 272 ) (-1024 1248 272 ) (-1024 1248 3120 ) 
4 92 96 (0 1280 272 ) (0 1248 272 ) (-512 1248 272 ) (-512 1280 272 ) 
4 92 95 (-512 2048 272 ) (0 2048 272 ) (0 1280 272 ) (-512 1280 272 ) 
4 92 97 (-1024 1248 272 ) (-1024 2048 272 ) (-512 2048 272 ) (-512 1248 272 ) 
4 92 94 (-1024 1248 272 ) (-368 1248 272 ) (-368 1248 480 ) (-1024 1248 480 ) 
4 92 93 (0 1248 480 ) (0 1248 3120 ) (-1024 1248 3120 ) (-1024 1248 480 ) 
4 93 120 (-1024 1232 480 ) (-1024 1232 3120 ) (-1024 1248 3120 ) (-1024 1248 480 ) 
4 93 99 (0 1232 480 ) (0 1232 3120 ) (-1024 1232 3120 ) (-1024 1232 480 ) 
4 93 94 (-368 1232 480 ) (-1024 1232 480 ) (-1024 1248 480 ) (-368 1248 480 ) 
4 94 120 (-1024 1232 272 ) (-1024 1232 480 ) (-1024 1248 480 ) (-1024 1248 272 ) 
4 94 116 (-512 1232 272 ) (-368 1232 272 ) (-368 1232 320 ) (-512 1232 320 ) 
4 94 118 (-1024 1232 320 ) (-1024 1232 272 ) (-512 1232 272 ) (-512 1232 320 ) 
4 94 114 (-1024 1232 336 ) (-1024 1232 320 ) (-368 1232 320 ) (-368 1232 336 ) 
4 94 109 (-1024 1232 432 ) (-1024 1232 336 ) (-368 1232 336 ) (-368 1232 432 ) 
4 94 99 (-368 1232 480 ) (-1024 1232 480 ) (-1024 1232 432 ) (-368 1232 432 ) 
4 94 96 (-368 1232 272 ) (-512 1232 272 ) (-512 1248 272 ) (-368 1248 272 ) 
4 94 97 (-512 1232 272 ) (-1024 1232 272 ) (-1024 1248 272 ) (-512 1248 272 ) 
4 95 98 (-512 1280 -864 ) (-512 2048 -864 ) (0 2048 -864 ) (0 1280 -864 ) 
4 95 96 (-512 1280 272 ) (-512 1280 0 ) (0 1280 0 ) (0 1280 272 ) 
4 95 97 (-512 2048 -864 ) (-512 1280 -864 ) (-512 1280 272 ) (-512 2048 272 ) 
4 96 116 (0 1232 0 ) (0 1232 272 ) (-512 1232 272 ) (-512 1232 0 ) 
4 96 97 (-512 1232 0 ) (-512 1232 272 ) (-512 1280 272 ) (-512 1280 0 ) 
4 97 120 (-1024 1232 -864 ) (-1024 1232 272 ) (-1024 2048 272 ) (-1024 2048 -864 ) 
4 97 118 (-512 1232 272 ) (-1024 1232 272 ) (-1024 1232 -864 ) (-512 1232 -864 ) 
4 97 98 (-512 1232 -864 ) (-1024 1232 -864 ) (-1024 2048 -864 ) (-512 2048 -864 ) 
4 98 120 (-1024 1232 -1696 ) (-1024 1232 -864 ) (-1024 2048 -864 ) (-1024 2048 -1696 ) 
4 98 117 (0 1232 -1696 ) (0 1232 -864 ) (-512 1232 -864 ) (-512 1232 -1696 ) 
4 98 118 (-512 1232 -864 ) (-1024 1232 -864 ) (-1024 1232 -1696 ) (-512 1232 -1696 ) 
4 99 120 (-1024 1232 3120 ) (-1024 1232 432 ) (-1024 1216 432 ) (-1024 1216 3120 ) 
4 99 110 (0 1216 432 ) (0 1216 3120 ) (-1024 1216 3120 ) (-1024 1216 432 ) 
4 99 108 (-288 1216 432 ) (-320 1216 432 ) (-320 1232 432 ) (-288 1232 432 ) 
4 99 109 (-320 1216 432 ) (-1024 1216 432 ) (-1024 1232 432 ) (-320 1232 432 ) 
4 99 106 (-192 1216 432 ) (-208 1216 432 ) (-208 1232 432 ) (-192 1232 432 ) 
4 99 107 (-240 1216 432 ) (-288 1216 432 ) (-288 1232 432 ) (-240 1232 432 ) 
4 99 105 (-112 1216 432 ) (-160 1216 432 ) (-160 1232 432 ) (-112 1232 432 ) 
4 99 104 (-64 1216 432 ) (-80 1216 432 ) (-80 1232 432 ) (-64 1232 432 ) 
4 99 102 (-16 1216 432 ) (-32 1216 432 ) (-32 1232 432 ) (-16 1232 432 ) 
4 99 100 (0 1216 432 ) (-16 1216 432 ) (-16 1232 432 ) (0 1232 432 ) 
4 100 110 (0 1216 400 ) (0 1216 432 ) (-16 1216 432 ) (-16 1216 400 ) 
4 100 102 (-16 1216 416 ) (-16 1216 432 ) (-16 1232 432 ) (-16 1232 416 ) 
4 101 111 (-16 1232 336 ) (0 1232 336 ) (0 1216 336 ) (-16 1216 336 ) 
4 101 110 (-16 1216 336 ) (0 1216 336 ) (0 1216 352 ) (-16 1216 352 ) 
4 101 103 (-16 1232 336 ) (-16 1216 336 ) (-16 1216 352 ) (-16 1232 352 ) 
4 102 110 (-16 1216 416 ) (-16 1216 432 ) (-32 1216 432 ) (-32 1216 416 ) 
4 103 111 (-32 1232 336 ) (-16 1232 336 ) (-16 1216 336 ) (-32 1216 336 ) 
4 103 110 (-32 1216 336 ) (-16 1216 336 ) (-16 1216 368 ) (-32 1216 368 ) 
4 104 112 (-80 1232 336 ) (-64 1232 336 ) (-64 1216 336 ) (-80 1216 336 ) 
4 104 110 (-80 1216 336 ) (-64 1216 336 ) (-64 1216 432 ) (-80 1216 432 ) 
4 105 110 (-160 1216 336 ) (-112 1216 336 ) (-112 1216 432 ) (-160 1216 432 ) 
4 106 113 (-208 1232 336 ) (-192 1232 336 ) (-192 1216 336 ) (-208 1216 336 ) 
4 106 110 (-208 1216 336 ) (-192 1216 336 ) (-192 1216 432 ) (-208 1216 432 ) 
4 107 110 (-288 1216 336 ) (-240 1216 336 ) (-240 1216 432 ) (-288 1216 432 ) 
4 107 108 (-288 1216 352 ) (-288 1216 432 ) (-288 1232 432 ) (-288 1232 352 ) 
4 108 110 (-288 1216 352 ) (-288 1216 432 ) (-320 1216 432 ) (-320 1216 352 ) 
4 108 109 (-320 1216 352 ) (-320 1216 432 ) (-320 1232 432 ) (-320 1232 352 ) 
4 109 120 (-1024 1232 432 ) (-1024 1232 336 ) (-1024 1216 336 ) (-1024 1216 432 ) 
4 109 114 (-1024 1216 336 ) (-1024 1232 336 ) (-320 1232 336 ) (-320 1216 336 ) 
4 109 110 (-1024 1216 336 ) (-320 1216 336 ) (-320 1216 432 ) (-1024 1216 432 ) 
4 110 155 (0 1024 336 ) (0 1024 3120 ) (-512 1024 3120 ) (-512 1024 336 ) 
4 110 156 (-512 1024 3120 ) (-1024 1024 3120 ) (-1024 1024 336 ) (-512 1024 336 ) 
4 110 120 (-1024 1024 336 ) (-1024 1024 3120 ) (-1024 1216 3120 ) (-1024 1216 336 ) 
4 110 115 (0 1024 336 ) (-1024 1024 336 ) (-1024 1216 336 ) (0 1216 336 ) 
4 111 116 (-32 1232 320 ) (0 1232 320 ) (0 1216 320 ) (-32 1216 320 ) 
4 111 115 (-32 1216 320 ) (0 1216 320 ) (0 1216 336 ) (-32 1216 336 ) 
4 112 116 (-96 1232 320 ) (-64 1232 320 ) (-64 1216 320 ) (-96 1216 320 ) 
4 112 115 (-96 1216 320 ) (-64 1216 320 ) (-64 1216 336 ) (-96 1216 336 ) 
4 113 116 (-224 1232 320 ) (-176 1232 320 ) (-176 1216 320 ) (-224 1216 320 ) 
4 113 115 (-224 1216 320 ) (-176 1216 320 ) (-176 1216 336 ) (-224 1216 336 ) 
4 114 120 (-1024 1216 336 ) (-1024 1232 336 ) (-1024 1232 320 ) (-1024 1216 320 ) 
4 114 116 (-512 1232 320 ) (-304 1232 320 ) (-304 1216 320 ) (-512 1216 320 ) 
4 114 118 (-1024 1232 320 ) (-512 1232 320 ) (-512 1216 320 ) (-1024 1216 320 ) 
4 114 115 (-1024 1216 320 ) (-304 1216 320 ) (-304 1216 336 ) (-1024 1216 336 ) 
4 115 155 (0 1024 320 ) (0 1024 336 ) (-512 1024 336 ) (-512 1024 320 ) 
4 115 156 (-512 1024 336 ) (-1024 1024 336 ) (-1024 1024 320 ) (-512 1024 320 ) 
4 115 120 (-1024 1024 320 ) (-1024 1024 336 ) (-1024 1216 336 ) (-1024 1216 320 ) 
4 115 116 (0 1216 320 ) (0 1024 320 ) (-512 1024 320 ) (-512 1216 320 ) 
4 115 118 (-512 1024 320 ) (-1024 1024 320 ) (-1024 1216 320 ) (-512 1216 320 ) 
4 116 155 (0 1024 0 ) (0 1024 320 ) (-512 1024 320 ) (-512 1024 0 ) 
4 116 118 (-512 1024 0 ) (-512 1024 320 ) (-512 1232 320 ) (-512 1232 0 ) 
4 117 157 (0 1024 -1696 ) (0 1024 -864 ) (-512 1024 -864 ) (-512 1024 -1696 ) 
4 117 118 (-512 1232 -1696 ) (-512 1024 -1696 ) (-512 1024 -864 ) (-512 1232 -864 ) 
4 118 157 (-1024 1024 -864 ) (-1024 1024 -1696 ) (-512 1024 -1696 ) (-512 1024 -864 ) 
4 118 156 (-512 1024 320 ) (-1024 1024 320 ) (-1024 1024 -864 ) (-512 1024 -864 ) 
4 118 120 (-1024 1024 -1696 ) (-1024 1024 320 ) (-1024 1232 320 ) (-1024 1232 -1696 ) 
4 119 121 (-2048 2048 -1696 ) (-2048 2048 3120 ) (-2048 3072 3120 ) (-2048 3072 -1696 ) 
4 119 120 (-1024 2048 -1696 ) (-1024 2048 3120 ) (-2048 2048 3120 ) (-2048 2048 -1696 ) 
4 120 160 (-1024 1024 -1696 ) (-1024 1024 3120 ) (-2048 1024 3120 ) (-2048 1024 -1696 ) 
4 120 122 (-2048 1024 -1696 ) (-2048 1024 3120 ) (-2048 2048 3120 ) (-2048 2048 -1696 ) 
4 121 122 (-2048 2048 -1696 ) (-2048 2048 3120 ) (-2192 2048 3120 ) (-2192 2048 -1696 ) 
4 122 161 (-2048 1024 -1696 ) (-2048 1024 3120 ) (-2192 1024 3120 ) (-2192 1024 -1696 ) 
4 123 158 (1024 0 0 ) (1024 0 3120 ) (928 0 3120 ) (928 0 0 ) 
4 123 125 (928 560 208.546997 ) (928 560 3120 ) (928 656 3120 ) (928 656 208.546997 ) 
4 123 126 (928 656 0 ) (928 560 0 ) (928 560 192.546997 ) (928 656 192.546997 ) 
4 123 124 (928 1024 0 ) (928 656 0 ) (928 656 3120 ) (928 1024 3120 ) 
4 123 127 (928 560 0 ) (928 0 0 ) (928 0 3120 ) (928 560 3120 ) 
4 124 125 (448 656 3120 ) (448 656 208.546997 ) (928 656 208.546997 ) (928 656 3120 ) 
4 124 126 (448 656 192.546997 ) (448 656 0 ) (928 656 0 ) (928 656 192.546997 ) 
4 124 128 (448 1024 0 ) (448 656 0 ) (448 656 3120 ) (448 1024 3120 ) 
4 125 127 (448 560 3120 ) (448 560 208.546997 ) (928 560 208.546997 ) (928 560 3120 ) 
4 125 128 (448 560 208.546997 ) (448 560 3120 ) (448 656 3120 ) (448 656 208.546997 ) 
4 126 128 (448 656 0 ) (448 560 0 ) (448 560 192.546997 ) (448 656 192.546997 ) 
4 126 127 (448 560 192.546997 ) (448 560 0 ) (928 560 0 ) (928 560 192.546997 ) 
4 127 158 (928 0 3120 ) (448 0 3120 ) (448 0 0 ) (928 0 0 ) 
4 127 128 (448 560 0 ) (448 0 0 ) (448 0 3120 ) (448 560 3120 ) 
4 128 158 (448 0 3120 ) (384 0 3120 ) (384 0 0 ) (448 0 0 ) 
4 128 130 (384 128 256 ) (384 128 3120 ) (384 384 3120 ) (384 384 256 ) 
4 128 129 (384 1024 0 ) (384 384 0 ) (384 384 3120 ) (384 1024 3120 ) 
4 128 131 (384 128 0 ) (384 0 0 ) (384 0 3120 ) (384 128 3120 ) 
4 129 147 (320 384 240 ) (320 384 3120 ) (320 400 3120 ) (320 400 240 ) 
4 129 146 (320 400 224 ) (320 400 3120 ) (320 416 3120 ) (320 416 224 ) 
4 129 145 (320 416 208 ) (320 416 3120 ) (320 432 3120 ) (320 432 208 ) 
4 129 144 (320 432 192 ) (320 432 3120 ) (320 448 3120 ) (320 448 192 ) 
4 129 143 (320 448 176 ) (320 448 3120 ) (320 464 3120 ) (320 464 176 ) 
4 129 142 (320 464 160 ) (320 464 3120 ) (320 480 3120 ) (320 480 160 ) 
4 129 141 (320 480 144 ) (320 480 3120 ) (320 496 3120 ) (320 496 144 ) 
4 129 140 (320 496 128 ) (320 496 3120 ) (320 512 3120 ) (320 512 128 ) 
4 129 139 (320 512 112 ) (320 512 3120 ) (320 528 3120 ) (320 528 112 ) 
4 129 138 (320 528 96 ) (320 528 3120 ) (320 544 3120 ) (320 544 96 ) 
4 129 137 (320 544 80 ) (320 544 3120 ) (320 560 3120 ) (320 560 80 ) 
4 129 136 (320 560 64 ) (320 560 3120 ) (320 576 3120 ) (320 576 64 ) 
4 129 135 (320 576 48 ) (320 576 3120 ) (320 592 3120 ) (320 592 48 ) 
4 129 134 (320 592 32 ) (320 592 3120 ) (320 608 3120 ) (320 608 32 ) 
4 129 133 (320 1024 16 ) (320 1024 0 ) (320 624 0 ) (320 624 16 ) 
4 129 132 (320 1024 3120 ) (320 1024 16 ) (320 608 16 ) (320 608 3120 ) 
4 129 130 (384 384 256 ) (384 384 3120 ) (320 384 3120 ) (320 384 256 ) 
4 130 148 (320 128 256 ) (320 128 3120 ) (320 384 3120 ) (320 384 256 ) 
4 130 131 (384 128 256 ) (384 128 3120 ) (320 128 3120 ) (320 128 256 ) 
4 131 158 (384 0 3120 ) (320 0 3120 ) (320 0 0 ) (384 0 0 ) 
4 131 149 (320 128 0 ) (320 0 0 ) (320 0 256 ) (320 128 256 ) 
4 131 148 (320 0 256 ) (320 0 3120 ) (320 128 3120 ) (320 128 256 ) 
4 132 151 (192 608 16 ) (192 608 256 ) (192 1024 256 ) (192 1024 16 ) 
4 132 150 (192 608 256 ) (192 608 3120 ) (192 1024 3120 ) (192 1024 256 ) 
4 132 134 (192 608 3120 ) (192 608 32 ) (320 608 32 ) (320 608 3120 ) 
4 132 133 (192 624 16 ) (192 1024 16 ) (320 1024 16 ) (320 624 16 ) 
4 133 151 (192 1024 0 ) (192 624 0 ) (192 624 16 ) (192 1024 16 ) 
4 134 151 (192 592 32 ) (192 592 256 ) (192 608 256 ) (192 608 32 ) 
4 134 150 (192 592 256 ) (192 592 3120 ) (192 608 3120 ) (192 608 256 ) 
4 134 135 (192 592 3120 ) (192 592 48 ) (320 592 48 ) (320 592 3120 ) 
4 135 151 (192 576 48 ) (192 576 256 ) (192 592 256 ) (192 592 48 ) 
4 135 150 (192 576 256 ) (192 576 3120 ) (192 592 3120 ) (192 592 256 ) 
4 135 136 (192 576 3120 ) (192 576 64 ) (320 576 64 ) (320 576 3120 ) 
4 136 151 (192 560 64 ) (192 560 256 ) (192 576 256 ) (192 576 64 ) 
4 136 150 (192 560 256 ) (192 560 3120 ) (192 576 3120 ) (192 576 256 ) 
4 136 137 (192 560 3120 ) (192 560 80 ) (320 560 80 ) (320 560 3120 ) 
4 137 151 (192 544 80 ) (192 544 256 ) (192 560 256 ) (192 560 80 ) 
4 137 150 (192 544 256 ) (192 544 3120 ) (192 560 3120 ) (192 560 256 ) 
4 137 138 (192 544 3120 ) (192 544 96 ) (320 544 96 ) (320 544 3120 ) 
4 138 151 (192 528 96 ) (192 528 256 ) (192 544 256 ) (192 544 96 ) 
4 138 150 (192 528 256 ) (192 528 3120 ) (192 544 3120 ) (192 544 256 ) 
4 138 139 (192 528 3120 ) (192 528 112 ) (320 528 112 ) (320 528 3120 ) 
4 139 151 (192 512 112 ) (192 512 256 ) (192 528 256 ) (192 528 112 ) 
4 139 150 (192 512 256 ) (192 512 3120 ) (192 528 3120 ) (192 528 256 ) 
4 139 140 (192 512 3120 ) (192 512 128 ) (320 512 128 ) (320 512 3120 ) 
4 140 151 (192 496 128 ) (192 496 256 ) (192 512 256 ) (192 512 128 ) 
4 140 150 (192 496 256 ) (192 496 3120 ) (192 512 3120 ) (192 512 256 ) 
4 140 141 (192 496 3120 ) (192 496 144 ) (320 496 144 ) (320 496 3120 ) 
4 141 151 (192 480 144 ) (192 480 256 ) (192 496 256 ) (192 496 144 ) 
4 141 150 (192 480 256 ) (192 480 3120 ) (192 496 3120 ) (192 496 256 ) 
4 141 142 (192 480 3120 ) (192 480 160 ) (320 480 160 ) (320 480 3120 ) 
4 142 151 (192 464 160 ) (192 464 256 ) (192 480 256 ) (192 480 160 ) 
4 142 150 (192 464 256 ) (192 464 3120 ) (192 480 3120 ) (192 480 256 ) 
4 142 143 (192 464 3120 ) (192 464 176 ) (320 464 176 ) (320 464 3120 ) 
4 143 151 (192 448 176 ) (192 448 256 ) (192 464 256 ) (192 464 176 ) 
4 143 150 (192 448 256 ) (192 448 3120 ) (192 464 3120 ) (192 464 256 ) 
4 143 144 (192 448 3120 ) (192 448 192 ) (320 448 192 ) (320 448 3120 ) 
4 144 151 (192 432 192 ) (192 432 256 ) (192 448 256 ) (192 448 192 ) 
4 144 150 (192 432 256 ) (192 432 3120 ) (192 448 3120 ) (192 448 256 ) 
4 144 145 (192 432 3120 ) (192 432 208 ) (320 432 208 ) (320 432 3120 ) 
4 145 151 (192 416 208 ) (192 416 256 ) (192 432 256 ) (192 432 208 ) 
4 145 150 (192 416 256 ) (192 416 3120 ) (192 432 3120 ) (192 432 256 ) 
4 145 146 (192 416 3120 ) (192 416 224 ) (320 416 224 ) (320 416 3120 ) 
4 146 151 (192 400 224 ) (192 400 256 ) (192 416 256 ) (192 416 224 ) 
4 146 150 (192 400 256 ) (192 400 3120 ) (192 416 3120 ) (192 416 256 ) 
4 146 147 (192 400 3120 ) (192 400 240 ) (320 400 240 ) (320 400 3120 ) 
4 147 151 (192 384 240 ) (192 384 256 ) (192 400 256 ) (192 400 240 ) 
4 147 150 (192 384 256 ) (192 384 3120 ) (192 400 3120 ) (192 400 256 ) 
4 147 148 (192 384 3120 ) (192 384 256 ) (320 384 256 ) (320 384 3120 ) 
4 148 158 (192 0 3120 ) (192 0 256 ) (320 0 256 ) (320 0 3120 ) 
4 148 150 (192 0 256 ) (192 0 3120 ) (192 384 3120 ) (192 384 256 ) 
4 148 149 (192 0 256 ) (192 128 256 ) (320 128 256 ) (320 0 256 ) 
4 149 158 (192 0 256 ) (192 0 0 ) (320 0 0 ) (320 0 256 ) 
4 149 152 (192 128 0 ) (192 0 0 ) (192 0 256 ) (192 128 256 ) 
4 150 158 (0 0 3120 ) (0 0 256 ) (192 0 256 ) (192 0 3120 ) 
4 150 155 (0 1024 3120 ) (0 1024 256 ) (0 0 256 ) (0 0 3120 ) 
4 150 151 (128 1024 256 ) (192 1024 256 ) (192 384 256 ) (128 384 256 ) 
4 150 152 (192 128 256 ) (192 0 256 ) (128 0 256 ) (128 128 256 ) 
4 150 153 (0 0 256 ) (0 1024 256 ) (128 1024 256 ) (128 0 256 ) 
4 151 153 (128 1024 0 ) (128 384 0 ) (128 384 256 ) (128 1024 256 ) 
4 152 158 (128 0 0 ) (192 0 0 ) (192 0 256 ) (128 0 256 ) 
4 152 153 (128 128 0 ) (128 0 0 ) (128 0 256 ) (128 128 256 ) 
4 153 158 (0 0 256 ) (0 0 0 ) (128 0 0 ) (128 0 256 ) 
4 153 155 (0 1024 256 ) (0 1024 0 ) (0 0 0 ) (0 0 256 ) 
4 154 158 (1024 0 -1696 ) (1024 0 -864 ) (0 0 -864 ) (0 0 -1696 ) 
4 154 157 (0 1024 -864 ) (0 1024 -1696 ) (0 0 -1696 ) (0 0 -864 ) 
4 155 159 (0 0 0 ) (0 0 3120 ) (-512 0 3120 ) (-512 0 0 ) 
4 155 156 (-512 0 0 ) (-512 0 3120 ) (-512 1024 3120 ) (-512 1024 0 ) 
4 156 160 (-1024 1024 3120 ) (-1024 1024 -864 ) (-1024 0 -864 ) (-1024 0 3120 ) 
4 156 159 (-512 0 3120 ) (-1024 0 3120 ) (-1024 0 -864 ) (-512 0 -864 ) 
4 156 157 (-1024 1024 -864 ) (-512 1024 -864 ) (-512 0 -864 ) (-1024 0 -864 ) 
4 157 160 (-1024 1024 -864 ) (-1024 1024 -1696 ) (-1024 0 -1696 ) (-1024 0 -864 ) 
4 157 159 (0 0 -1696 ) (0 0 -864 ) (-1024 0 -864 ) (-1024 0 -1696 ) 
4 158 159 (0 -384 3120 ) (0 0 3120 ) (0 0 -1696 ) (0 -384 -1696 ) 
4 159 162 (-1024 -384 3120 ) (-1024 0 3120 ) (-1024 0 -1696 ) (-1024 -384 -1696 ) 
4 160 162 (-1024 0 -1696 ) (-1024 0 3120 ) (-2048 0 3120 ) (-2048 0 -1696 ) 
4 160 161 (-2048 1024 3120 ) (-2048 1024 -1696 ) (-2048 0 -1696 ) (-2048 0 3120 ) 
4 161 163 (-2048 0 -1696 ) (-2048 0 3120 ) (-2192 0 3120 ) (-2192 0 -1696 ) 
4 162 163 (-2048 0 3120 ) (-2048 0 -1696 ) (-2048 -384 -1696 ) (-2048 -384 3120 ) 
